<?xml version="1.0" encoding="UTF-8"?>
<coverage generated="1783107274975" clover="3.2.0">
  <project timestamp="1783107274975" name="All files">
    <metrics statements="56" coveredstatements="21" conditionals="11" coveredconditionals="4" methods="17" coveredmethods="9" elements="84" coveredelements="34" complexity="0" loc="56" ncloc="56" packages="3" files="3" classes="3"/>
    <package name="events">
      <metrics statements="4" coveredstatements="0" conditionals="0" coveredconditionals="0" methods="0" coveredmethods="0"/>
      <file name="DiceEvents.ts" path="C:\Users\These\Desktop\Proyectos\t-jmagicalpath\laberinto-magico\server\src\events\DiceEvents.ts">
        <metrics statements="4" coveredstatements="0" conditionals="0" coveredconditionals="0" methods="0" coveredmethods="0"/>
        <line num="20" count="0" type="stmt"/>
        <line num="22" count="0" type="stmt"/>
        <line num="28" count="0" type="stmt"/>
        <line num="35" count="0" type="stmt"/>
      </file>
    </package>
    <package name="handlers">
      <metrics statements="31" coveredstatements="0" conditionals="7" coveredconditionals="0" methods="8" coveredmethods="0"/>
      <file name="DiceRoomHandler.ts" path="C:\Users\These\Desktop\Proyectos\t-jmagicalpath\laberinto-magico\server\src\handlers\DiceRoomHandler.ts">
        <metrics statements="31" coveredstatements="0" conditionals="7" coveredconditionals="0" methods="8" coveredmethods="0"/>
        <line num="7" count="0" type="stmt"/>
        <line num="8" count="0" type="stmt"/>
        <line num="17" count="0" type="stmt"/>
        <line num="18" count="0" type="stmt"/>
        <line num="24" count="0" type="stmt"/>
        <line num="38" count="0" type="cond" truecount="0" falsecount="1"/>
        <line num="39" count="0" type="stmt"/>
        <line num="45" count="0" type="stmt"/>
        <line num="46" count="0" type="cond" truecount="0" falsecount="1"/>
        <line num="47" count="0" type="stmt"/>
        <line num="54" count="0" type="cond" truecount="0" falsecount="1"/>
        <line num="55" count="0" type="stmt"/>
        <line num="62" count="0" type="stmt"/>
        <line num="65" count="0" type="cond" truecount="0" falsecount="1"/>
        <line num="66" count="0" type="stmt"/>
        <line num="73" count="0" type="stmt"/>
        <line num="74" count="0" type="stmt"/>
        <line num="75" count="0" type="stmt"/>
        <line num="77" count="0" type="stmt"/>
        <line num="93" count="0" type="stmt"/>
        <line num="105" count="0" type="stmt"/>
        <line num="106" count="0" type="cond" truecount="0" falsecount="1"/>
        <line num="107" count="0" type="stmt"/>
        <line num="108" count="0" type="stmt"/>
        <line num="109" count="0" type="stmt"/>
        <line num="117" count="0" type="stmt"/>
        <line num="118" count="0" type="stmt"/>
        <line num="119" count="0" type="stmt"/>
        <line num="120" count="0" type="stmt"/>
        <line num="128" count="0" type="stmt"/>
        <line num="135" count="0" type="cond" truecount="0" falsecount="2"/>
      </file>
    </package>
    <package name="services">
      <metrics statements="21" coveredstatements="21" conditionals="4" coveredconditionals="4" methods="9" coveredmethods="9"/>
      <file name="DiceService.ts" path="C:\Users\These\Desktop\Proyectos\t-jmagicalpath\laberinto-magico\server\src\services\DiceService.ts">
        <metrics statements="21" coveredstatements="21" conditionals="4" coveredconditionals="4" methods="9" coveredmethods="9"/>
        <line num="11" count="1" type="stmt"/>
        <line num="12" count="1" type="stmt"/>
        <line num="19" count="855" type="stmt"/>
        <line num="20" count="855" type="stmt"/>
        <line num="22" count="855" type="stmt"/>
        <line num="34" count="9" type="cond" truecount="3" falsecount="0"/>
        <line num="35" count="3" type="stmt"/>
        <line num="37" count="6" type="stmt"/>
        <line num="45" count="5" type="stmt"/>
        <line num="54" count="48" type="stmt"/>
        <line num="55" count="8" type="stmt"/>
        <line num="64" count="114" type="stmt"/>
        <line num="73" count="5" type="stmt"/>
        <line num="74" count="5" type="stmt"/>
        <line num="75" count="850" type="stmt"/>
        <line num="77" count="5" type="stmt"/>
        <line num="86" count="4" type="stmt"/>
        <line num="88" count="4" type="stmt"/>
        <line num="89" count="608" type="cond" truecount="1" falsecount="0"/>
        <line num="90" count="608" type="stmt"/>
        <line num="94" count="4" type="stmt"/>
      </file>
    </package>
  </project>
</coverage>
