{"C:\\Users\\These\\Desktop\\Proyectos\\t-jmagicalpath\\laberinto-magico\\server\\src\\events\\DiceEvents.ts": {"path":"C:\\Users\\These\\Desktop\\Proyectos\\t-jmagicalpath\\laberinto-magico\\server\\src\\events\\DiceEvents.ts","statementMap":{"0":{"start":{"line":22,"column":34},"end":{"line":25,"column":13}},"1":{"start":{"line":28,"column":34},"end":{"line":32,"column":13}},"2":{"start":{"line":35,"column":35},"end":{"line":40,"column":13}},"3":{"start":{"line":20,"column":0},"end":{"line":20,"column":13}}},"fnMap":{},"branchMap":{},"s":{"0":0,"1":0,"2":0,"3":0},"f":{},"b":{}}
,"C:\\Users\\These\\Desktop\\Proyectos\\t-jmagicalpath\\laberinto-magico\\server\\src\\handlers\\DiceRoomHandler.ts": {"path":"C:\\Users\\These\\Desktop\\Proyectos\\t-jmagicalpath\\laberinto-magico\\server\\src\\handlers\\DiceRoomHandler.ts","statementMap":{"0":{"start":{"line":7,"column":0},"end":{"line":7,"column":66}},"1":{"start":{"line":8,"column":0},"end":{"line":8,"column":69}},"2":{"start":{"line":18,"column":59},"end":{"line":18,"column":68}},"3":{"start":{"line":24,"column":4},"end":{"line":27,"column":7}},"4":{"start":{"line":38,"column":4},"end":{"line":43,"column":5}},"5":{"start":{"line":39,"column":6},"end":{"line":42,"column":8}},"6":{"start":{"line":45,"column":24},"end":{"line":45,"column":59}},"7":{"start":{"line":46,"column":4},"end":{"line":51,"column":5}},"8":{"start":{"line":47,"column":6},"end":{"line":50,"column":8}},"9":{"start":{"line":54,"column":4},"end":{"line":59,"column":5}},"10":{"start":{"line":55,"column":6},"end":{"line":58,"column":8}},"11":{"start":{"line":62,"column":35},"end":{"line":62,"column":57}},"12":{"start":{"line":65,"column":4},"end":{"line":70,"column":5}},"13":{"start":{"line":66,"column":6},"end":{"line":69,"column":8}},"14":{"start":{"line":73,"column":4},"end":{"line":73,"column":49}},"15":{"start":{"line":74,"column":4},"end":{"line":74,"column":41}},"16":{"start":{"line":75,"column":4},"end":{"line":75,"column":53}},"17":{"start":{"line":77,"column":4},"end":{"line":81,"column":6}},"18":{"start":{"line":93,"column":4},"end":{"line":98,"column":6}},"19":{"start":{"line":105,"column":24},"end":{"line":105,"column":59}},"20":{"start":{"line":106,"column":4},"end":{"line":110,"column":5}},"21":{"start":{"line":107,"column":6},"end":{"line":107,"column":44}},"22":{"start":{"line":108,"column":6},"end":{"line":108,"column":44}},"23":{"start":{"line":109,"column":6},"end":{"line":109,"column":44}},"24":{"start":{"line":117,"column":4},"end":{"line":121,"column":7}},"25":{"start":{"line":118,"column":6},"end":{"line":118,"column":38}},"26":{"start":{"line":119,"column":6},"end":{"line":119,"column":38}},"27":{"start":{"line":120,"column":6},"end":{"line":120,"column":38}},"28":{"start":{"line":128,"column":4},"end":{"line":128,"column":62}},"29":{"start":{"line":135,"column":4},"end":{"line":135,"column":75}},"30":{"start":{"line":17,"column":0},"end":{"line":17,"column":13}}},"fnMap":{"0":{"name":"(anonymous_0)","decl":{"start":{"line":23,"column":2},"end":{"line":23,"column":27}},"loc":{"start":{"line":23,"column":44},"end":{"line":28,"column":3}}},"1":{"name":"(anonymous_1)","decl":{"start":{"line":33,"column":2},"end":{"line":33,"column":23}},"loc":{"start":{"line":35,"column":27},"end":{"line":82,"column":3}}},"2":{"name":"(anonymous_2)","decl":{"start":{"line":87,"column":2},"end":{"line":87,"column":25}},"loc":{"start":{"line":91,"column":21},"end":{"line":99,"column":3}}},"3":{"name":"(anonymous_3)","decl":{"start":{"line":104,"column":2},"end":{"line":104,"column":26}},"loc":{"start":{"line":104,"column":43},"end":{"line":111,"column":3}}},"4":{"name":"(anonymous_4)","decl":{"start":{"line":116,"column":2},"end":{"line":116,"column":20}},"loc":{"start":{"line":116,"column":20},"end":{"line":122,"column":3}}},"5":{"name":"(anonymous_5)","decl":{"start":{"line":117,"column":34},"end":{"line":117,"column":35}},"loc":{"start":{"line":117,"column":44},"end":{"line":121,"column":5}}},"6":{"name":"(anonymous_6)","decl":{"start":{"line":127,"column":2},"end":{"line":127,"column":18}},"loc":{"start":{"line":127,"column":35},"end":{"line":129,"column":3}}},"7":{"name":"(anonymous_7)","decl":{"start":{"line":134,"column":2},"end":{"line":134,"column":17}},"loc":{"start":{"line":134,"column":34},"end":{"line":136,"column":3}}}},"branchMap":{"0":{"loc":{"start":{"line":38,"column":4},"end":{"line":43,"column":5}},"type":"if","locations":[{"start":{"line":38,"column":4},"end":{"line":43,"column":5}}]},"1":{"loc":{"start":{"line":46,"column":4},"end":{"line":51,"column":5}},"type":"if","locations":[{"start":{"line":46,"column":4},"end":{"line":51,"column":5}}]},"2":{"loc":{"start":{"line":54,"column":4},"end":{"line":59,"column":5}},"type":"if","locations":[{"start":{"line":54,"column":4},"end":{"line":59,"column":5}}]},"3":{"loc":{"start":{"line":65,"column":4},"end":{"line":70,"column":5}},"type":"if","locations":[{"start":{"line":65,"column":4},"end":{"line":70,"column":5}}]},"4":{"loc":{"start":{"line":106,"column":4},"end":{"line":110,"column":5}},"type":"if","locations":[{"start":{"line":106,"column":4},"end":{"line":110,"column":5}}]},"5":{"loc":{"start":{"line":135,"column":11},"end":{"line":135,"column":74}},"type":"binary-expr","locations":[{"start":{"line":135,"column":11},"end":{"line":135,"column":65}},{"start":{"line":135,"column":69},"end":{"line":135,"column":74}}]}},"s":{"0":0,"1":0,"2":0,"3":0,"4":0,"5":0,"6":0,"7":0,"8":0,"9":0,"10":0,"11":0,"12":0,"13":0,"14":0,"15":0,"16":0,"17":0,"18":0,"19":0,"20":0,"21":0,"22":0,"23":0,"24":0,"25":0,"26":0,"27":0,"28":0,"29":0,"30":0},"f":{"0":0,"1":0,"2":0,"3":0,"4":0,"5":0,"6":0,"7":0},"b":{"0":[0],"1":[0],"2":[0],"3":[0],"4":[0],"5":[0,0]}}
,"C:\\Users\\These\\Desktop\\Proyectos\\t-jmagicalpath\\laberinto-magico\\server\\src\\services\\DiceService.ts": {"path":"C:\\Users\\These\\Desktop\\Proyectos\\t-jmagicalpath\\laberinto-magico\\server\\src\\services\\DiceService.ts","statementMap":{"0":{"start":{"line":12,"column":39},"end":{"line":12,"column":57}},"1":{"start":{"line":19,"column":24},"end":{"line":19,"column":74}},"2":{"start":{"line":20,"column":18},"end":{"line":20,"column":46}},"3":{"start":{"line":22,"column":4},"end":{"line":25,"column":6}},"4":{"start":{"line":34,"column":4},"end":{"line":36,"column":5}},"5":{"start":{"line":35,"column":6},"end":{"line":35,"column":59}},"6":{"start":{"line":37,"column":4},"end":{"line":37,"column":34}},"7":{"start":{"line":45,"column":4},"end":{"line":45,"column":32}},"8":{"start":{"line":54,"column":18},"end":{"line":54,"column":73}},"9":{"start":{"line":54,"column":51},"end":{"line":54,"column":65}},"10":{"start":{"line":55,"column":4},"end":{"line":55,"column":50}},"11":{"start":{"line":64,"column":4},"end":{"line":64,"column":43}},"12":{"start":{"line":73,"column":34},"end":{"line":73,"column":36}},"13":{"start":{"line":74,"column":4},"end":{"line":76,"column":5}},"14":{"start":{"line":74,"column":17},"end":{"line":74,"column":18}},"15":{"start":{"line":75,"column":6},"end":{"line":75,"column":36}},"16":{"start":{"line":77,"column":4},"end":{"line":77,"column":19}},"17":{"start":{"line":86,"column":42},"end":{"line":86,"column":68}},"18":{"start":{"line":88,"column":4},"end":{"line":92,"column":7}},"19":{"start":{"line":89,"column":6},"end":{"line":91,"column":7}},"20":{"start":{"line":90,"column":8},"end":{"line":90,"column":30}},"21":{"start":{"line":94,"column":4},"end":{"line":94,"column":17}},"22":{"start":{"line":11,"column":0},"end":{"line":11,"column":13}}},"fnMap":{"0":{"name":"(anonymous_0)","decl":{"start":{"line":18,"column":2},"end":{"line":18,"column":8}},"loc":{"start":{"line":18,"column":17},"end":{"line":26,"column":3}}},"1":{"name":"(anonymous_1)","decl":{"start":{"line":33,"column":2},"end":{"line":33,"column":8}},"loc":{"start":{"line":33,"column":34},"end":{"line":38,"column":3}}},"2":{"name":"(anonymous_2)","decl":{"start":{"line":44,"column":2},"end":{"line":44,"column":8}},"loc":{"start":{"line":44,"column":24},"end":{"line":46,"column":3}}},"3":{"name":"(anonymous_3)","decl":{"start":{"line":53,"column":2},"end":{"line":53,"column":8}},"loc":{"start":{"line":53,"column":37},"end":{"line":56,"column":3}}},"4":{"name":"(anonymous_4)","decl":{"start":{"line":54,"column":41},"end":{"line":54,"column":42}},"loc":{"start":{"line":54,"column":51},"end":{"line":54,"column":65}}},"5":{"name":"(anonymous_5)","decl":{"start":{"line":63,"column":2},"end":{"line":63,"column":8}},"loc":{"start":{"line":63,"column":39},"end":{"line":65,"column":3}}},"6":{"name":"(anonymous_6)","decl":{"start":{"line":72,"column":2},"end":{"line":72,"column":8}},"loc":{"start":{"line":72,"column":44},"end":{"line":78,"column":3}}},"7":{"name":"(anonymous_7)","decl":{"start":{"line":85,"column":2},"end":{"line":85,"column":8}},"loc":{"start":{"line":85,"column":44},"end":{"line":95,"column":3}}},"8":{"name":"(anonymous_8)","decl":{"start":{"line":88,"column":20},"end":{"line":88,"column":21}},"loc":{"start":{"line":88,"column":31},"end":{"line":92,"column":5}}}},"branchMap":{"0":{"loc":{"start":{"line":34,"column":4},"end":{"line":36,"column":5}},"type":"if","locations":[{"start":{"line":34,"column":4},"end":{"line":36,"column":5}}]},"1":{"loc":{"start":{"line":34,"column":8},"end":{"line":34,"column":52}},"type":"binary-expr","locations":[{"start":{"line":34,"column":8},"end":{"line":34,"column":17}},{"start":{"line":34,"column":21},"end":{"line":34,"column":52}}]},"2":{"loc":{"start":{"line":89,"column":6},"end":{"line":91,"column":7}},"type":"if","locations":[{"start":{"line":89,"column":6},"end":{"line":91,"column":7}}]}},"s":{"0":1,"1":855,"2":855,"3":855,"4":9,"5":3,"6":6,"7":5,"8":8,"9":48,"10":8,"11":114,"12":5,"13":5,"14":5,"15":850,"16":5,"17":4,"18":4,"19":608,"20":608,"21":4,"22":1},"f":{"0":855,"1":9,"2":5,"3":8,"4":48,"5":114,"6":5,"7":4,"8":608},"b":{"0":[3],"1":[9,8],"2":[608]}}
}
