TN:
SF:src\events\DiceEvents.ts
FNF:0
FNH:0
DA:20,0
DA:22,0
DA:28,0
DA:35,0
LF:4
LH:0
BRF:0
BRH:0
end_of_record
TN:
SF:src\handlers\DiceRoomHandler.ts
FN:23,(anonymous_0)
FN:33,(anonymous_1)
FN:87,(anonymous_2)
FN:104,(anonymous_3)
FN:116,(anonymous_4)
FN:117,(anonymous_5)
FN:127,(anonymous_6)
FN:134,(anonymous_7)
FNF:8
FNH:0
FNDA:0,(anonymous_0)
FNDA:0,(anonymous_1)
FNDA:0,(anonymous_2)
FNDA:0,(anonymous_3)
FNDA:0,(anonymous_4)
FNDA:0,(anonymous_5)
FNDA:0,(anonymous_6)
FNDA:0,(anonymous_7)
DA:7,0
DA:8,0
DA:17,0
DA:18,0
DA:24,0
DA:38,0
DA:39,0
DA:45,0
DA:46,0
DA:47,0
DA:54,0
DA:55,0
DA:62,0
DA:65,0
DA:66,0
DA:73,0
DA:74,0
DA:75,0
DA:77,0
DA:93,0
DA:105,0
DA:106,0
DA:107,0
DA:108,0
DA:109,0
DA:117,0
DA:118,0
DA:119,0
DA:120,0
DA:128,0
DA:135,0
LF:31
LH:0
BRDA:38,0,0,0
BRDA:46,1,0,0
BRDA:54,2,0,0
BRDA:65,3,0,0
BRDA:106,4,0,0
BRDA:135,5,0,0
BRDA:135,5,1,0
BRF:7
BRH:0
end_of_record
TN:
SF:src\services\DiceService.ts
FN:18,(anonymous_0)
FN:33,(anonymous_1)
FN:44,(anonymous_2)
FN:53,(anonymous_3)
FN:54,(anonymous_4)
FN:63,(anonymous_5)
FN:72,(anonymous_6)
FN:85,(anonymous_7)
FN:88,(anonymous_8)
FNF:9
FNH:9
FNDA:855,(anonymous_0)
FNDA:9,(anonymous_1)
FNDA:5,(anonymous_2)
FNDA:8,(anonymous_3)
FNDA:48,(anonymous_4)
FNDA:114,(anonymous_5)
FNDA:5,(anonymous_6)
FNDA:4,(anonymous_7)
FNDA:608,(anonymous_8)
DA:11,1
DA:12,1
DA:19,855
DA:20,855
DA:22,855
DA:34,9
DA:35,3
DA:37,6
DA:45,5
DA:54,48
DA:55,8
DA:64,114
DA:73,5
DA:74,5
DA:75,850
DA:77,5
DA:86,4
DA:88,4
DA:89,608
DA:90,608
DA:94,4
LF:21
LH:21
BRDA:34,0,0,3
BRDA:34,1,0,9
BRDA:34,1,1,8
BRDA:89,2,0,608
BRF:4
BRH:4
end_of_record
